DEBUG:root:2020-06-15 00:12:24: {"SERIAL": "Ready"}
DEBUG:root:2020-06-15 00:12:24: {"SERVO": "Ready"}
DEBUG:root:2020-06-15 00:12:24: {"SERVO": "Position: 60"}
DEBUG:root:2020-06-15 00:12:25: {"ULTASONIC": "Ready"}
DEBUG:root:2020-06-15 00:12:25: {"SERVO": "Ready"}
DEBUG:root:2020-06-15 00:12:26: {"SERVO": "Ready"}
DEBUG:root:2020-06-15 00:12:46: {"control": "T"}
DEBUG:root:2020-06-15 00:12:46: {"temp/hum": "55.80/19.00"}
DEBUG:root:2020-06-15 00:13:51: {"control": "T"}
DEBUG:root:2020-06-15 00:13:51: {"temp/hum": "56.40/19.00"}
DEBUG:root:2020-06-15 00:14:07: {"control": "T"}
DEBUG:root:2020-06-15 00:14:07: {"temp/hum": "56.60/19.10"}
DEBUG:root:2020-06-15 00:16:24: {"control": "T"}
DEBUG:root:2020-06-15 00:16:24: {"temp/hum": "56.60/19.00"}
DEBUG:root:2020-06-15 00:16:26: {"control": "T"}
DEBUG:root:2020-06-15 00:16:26: {"temp/hum": "56.60/19.00"}
DEBUG:root:2020-06-15 00:17:03: {"control": "T"}
DEBUG:root:2020-06-15 00:17:03: {"temp/hum": "56.50/19.00"}
DEBUG:root:2020-06-15 00:17:08: {"control": "T"}
DEBUG:root:2020-06-15 00:17:08: {"temp/hum": "56.60/19.00"}
DEBUG:root:2020-06-15 00:17:13: {"control": "T"}
DEBUG:root:2020-06-15 00:17:13: {"temp/hum": "56.60/19.00"}
DEBUG:root:2020-06-15 00:17:18: {"control": "T"}
DEBUG:root:2020-06-15 00:17:18: {"temp/hum": "56.60/19.10"}
DEBUG:root:2020-06-15 00:17:23: {"control": "T"}
DEBUG:root:2020-06-15 00:17:23: {"temp/hum": "56.50/19.00"}
DEBUG:root:2020-06-15 00:17:28: {"control": "T"}
DEBUG:root:2020-06-15 00:17:28: {"temp/hum": "56.50/19.00"}
DEBUG:root:2020-06-15 00:17:33: {"control": "T"}
DEBUG:root:2020-06-15 00:17:33: {"temp/hum": "56.50/19.00"}
DEBUG:root:2020-06-15 00:17:38: {"control": "T"}
DEBUG:root:2020-06-15 00:17:38: {"temp/hum": "56.50/19.00"}
DEBUG:root:2020-06-15 00:17:43: {"control": "T"}
DEBUG:root:2020-06-15 00:17:43: {"temp/hum": "56.60/19.00"}
DEBUG:root:2020-06-15 00:17:48: {"control": "T"}
DEBUG:root:2020-06-15 00:17:48: {"temp/hum": "56.60/19.00"}
DEBUG:root:2020-06-15 00:17:53: {"control": "T"}
DEBUG:root:2020-06-15 00:17:53: {"temp/hum": "56.60/19.00"}
DEBUG:root:2020-06-15 00:18:06: {"control": "T"}
DEBUG:root:2020-06-15 00:18:06: {"temp/hum": "56.60/19.00"}
DEBUG:root:2020-06-15 00:18:11: {"control": "T"}
DEBUG:root:2020-06-15 00:18:11: {"temp/hum": "56.50/19.00"}
DEBUG:root:2020-06-15 00:18:16: {"control": "T"}
DEBUG:root:2020-06-15 00:18:16: {"temp/hum": "56.50/19.00"}
DEBUG:root:2020-06-15 00:18:21: {"control": "T"}
DEBUG:root:2020-06-15 00:18:21: {"temp/hum": "56.50/19.00"}
DEBUG:root:2020-06-15 00:18:26: {"control": "T"}
DEBUG:root:2020-06-15 00:18:26: {"temp/hum": "56.50/19.00"}
DEBUG:root:2020-06-15 00:18:31: {"control": "T"}
DEBUG:root:2020-06-15 00:18:31: {"temp/hum": "56.50/19.00"}
DEBUG:root:2020-06-15 00:18:36: {"control": "T"}
DEBUG:root:2020-06-15 00:18:36: {"temp/hum": "56.50/19.00"}
DEBUG:root:2020-06-15 00:18:41: {"control": "T"}
DEBUG:root:2020-06-15 00:18:41: {"temp/hum": "56.40/18.90"}
DEBUG:root:2020-06-15 00:18:46: {"control": "T"}
DEBUG:root:2020-06-15 00:18:46: {"temp/hum": "56.40/19.00"}
DEBUG:root:2020-06-15 00:18:51: {"control": "T"}
DEBUG:root:2020-06-15 00:18:51: {"temp/hum": "56.50/19.00"}
DEBUG:root:2020-06-15 00:18:56: {"control": "T"}
DEBUG:root:2020-06-15 00:18:56: {"temp/hum": "56.50/19.00"}
DEBUG:root:2020-06-15 00:19:01: {"control": "T"}
DEBUG:root:2020-06-15 00:19:01: {"temp/hum": "56.50/19.00"}
DEBUG:root:2020-06-15 00:19:06: {"control": "T"}
DEBUG:root:2020-06-15 00:19:06: {"temp/hum": "56.40/18.90"}
DEBUG:root:2020-06-15 00:19:11: {"control": "T"}
DEBUG:root:2020-06-15 00:19:11: {"temp/hum": "56.50/19.00"}
DEBUG:root:2020-06-15 00:19:16: {"control": "T"}
DEBUG:root:2020-06-15 00:19:16: {"temp/hum": "56.40/19.00"}
DEBUG:root:2020-06-15 00:19:21: {"control": "T"}
DEBUG:root:2020-06-15 00:19:21: {"temp/hum": "56.40/19.00"}
DEBUG:root:2020-06-15 00:19:21: {"control": "T"}
DEBUG:root:2020-06-15 00:19:21: {"temp/hum": "56.40/19.00"}
DEBUG:root:2020-06-15 00:19:26: {"control": "T"}
DEBUG:root:2020-06-15 00:19:26: {"temp/hum": "56.40/19.00"}
DEBUG:root:2020-06-15 00:19:31: {"control": "T"}
DEBUG:root:2020-06-15 00:19:31: {"temp/hum": "56.40/19.00"}
DEBUG:root:2020-06-15 00:19:36: {"control": "T"}
DEBUG:root:2020-06-15 00:19:36: {"temp/hum": "56.40/19.00"}
DEBUG:root:2020-06-15 00:21:31: {"control": "T"}
DEBUG:root:2020-06-15 00:21:31: {"temp/hum": "56.40/19.00"}
DEBUG:root:2020-06-15 00:21:36: {"control": "T"}
DEBUG:root:2020-06-15 00:21:36: {"temp/hum": "56.60/19.00"}
DEBUG:root:2020-06-15 00:21:41: {"control": "T"}
DEBUG:root:2020-06-15 00:21:41: {"temp/hum": "56.60/19.00"}
DEBUG:root:2020-06-15 00:21:46: {"control": "T"}
DEBUG:root:2020-06-15 00:21:46: {"temp/hum": "56.60/18.90"}
DEBUG:root:2020-06-15 00:21:51: {"control": "T"}
DEBUG:root:2020-06-15 00:21:51: {"temp/hum": "56.60/18.90"}
DEBUG:root:2020-06-15 00:21:56: {"control": "T"}
DEBUG:root:2020-06-15 00:21:56: {"temp/hum": "56.60/19.00"}
DEBUG:root:2020-06-15 00:22:01: {"control": "T"}
DEBUG:root:2020-06-15 00:22:01: {"temp/hum": "56.60/19.00"}
DEBUG:root:2020-06-15 00:22:06: {"control": "T"}
DEBUG:root:2020-06-15 00:22:06: {"temp/hum": "56.60/19.00"}
DEBUG:root:2020-06-15 00:22:11: {"control": "T"}
DEBUG:root:2020-06-15 00:22:11: {"temp/hum": "56.60/19.00"}
